Determining if the pthread_create exist failed with the following output:
Change Dir: /home/omid/catkin_ws/build/catkin_tools_prebuild/CMakeFiles/CMakeTmp

Run Build Command:"/usr/bin/make" "cmTC_76519/fast"
/usr/bin/make -f CMakeFiles/cmTC_76519.dir/build.make CMakeFiles/cmTC_76519.dir/build
make[1]: Entering directory '/home/omid/catkin_ws/build/catkin_tools_prebuild/CMakeFiles/CMakeTmp'
Building C object CMakeFiles/cmTC_76519.dir/CheckSymbolExists.c.o
/usr/bin/cc    -o CMakeFiles/cmTC_76519.dir/CheckSymbolExists.c.o   -c /home/omid/catkin_ws/build/catkin_tools_prebuild/CMakeFiles/CMakeTmp/CheckSymbolExists.c
Linking C executable cmTC_76519
/usr/bin/cmake -E cmake_link_script CMakeFiles/cmTC_76519.dir/link.txt --verbose=1
/usr/bin/cc      -rdynamic CMakeFiles/cmTC_76519.dir/CheckSymbolExists.c.o  -o cmTC_76519 
CMakeFiles/cmTC_76519.dir/CheckSymbolExists.c.o: In function `main':
CheckSymbolExists.c:(.text+0x1b): undefined reference to `pthread_create'
collect2: error: ld returned 1 exit status
CMakeFiles/cmTC_76519.dir/build.make:97: recipe for target 'cmTC_76519' failed
make[1]: *** [cmTC_76519] Error 1
make[1]: Leaving directory '/home/omid/catkin_ws/build/catkin_tools_prebuild/CMakeFiles/CMakeTmp'
Makefile:126: recipe for target 'cmTC_76519/fast' failed
make: *** [cmTC_76519/fast] Error 2

File /home/omid/catkin_ws/build/catkin_tools_prebuild/CMakeFiles/CMakeTmp/CheckSymbolExists.c:
/* */
#include <pthread.h>

int main(int argc, char** argv)
{
  (void)argv;
#ifndef pthread_create
  return ((int*)(&pthread_create))[argc];
#else
  (void)argc;
  return 0;
#endif
}

Determining if the function pthread_create exists in the pthreads failed with the following output:
Change Dir: /home/omid/catkin_ws/build/catkin_tools_prebuild/CMakeFiles/CMakeTmp

Run Build Command:"/usr/bin/make" "cmTC_dcc73/fast"
/usr/bin/make -f CMakeFiles/cmTC_dcc73.dir/build.make CMakeFiles/cmTC_dcc73.dir/build
make[1]: Entering directory '/home/omid/catkin_ws/build/catkin_tools_prebuild/CMakeFiles/CMakeTmp'
Building C object CMakeFiles/cmTC_dcc73.dir/CheckFunctionExists.c.o
/usr/bin/cc   -DCHECK_FUNCTION_EXISTS=pthread_create   -o CMakeFiles/cmTC_dcc73.dir/CheckFunctionExists.c.o   -c /usr/share/cmake-3.10/Modules/CheckFunctionExists.c
Linking C executable cmTC_dcc73
/usr/bin/cmake -E cmake_link_script CMakeFiles/cmTC_dcc73.dir/link.txt --verbose=1
/usr/bin/cc  -DCHECK_FUNCTION_EXISTS=pthread_create    -rdynamic CMakeFiles/cmTC_dcc73.dir/CheckFunctionExists.c.o  -o cmTC_dcc73 -lpthreads 
/usr/bin/ld: cannot find -lpthreads
collect2: error: ld returned 1 exit status
CMakeFiles/cmTC_dcc73.dir/build.make:97: recipe for target 'cmTC_dcc73' failed
make[1]: *** [cmTC_dcc73] Error 1
make[1]: Leaving directory '/home/omid/catkin_ws/build/catkin_tools_prebuild/CMakeFiles/CMakeTmp'
Makefile:126: recipe for target 'cmTC_dcc73/fast' failed
make: *** [cmTC_dcc73/fast] Error 2


