Determining if the pthread_create exist failed with the following output:
Change Dir: /home/omid/catkin_ws/build/mavros_msgs/CMakeFiles/CMakeTmp

Run Build Command:"/usr/bin/make" "cmTC_7ac4a/fast"
/usr/bin/make -f CMakeFiles/cmTC_7ac4a.dir/build.make CMakeFiles/cmTC_7ac4a.dir/build
make[1]: Entering directory '/home/omid/catkin_ws/build/mavros_msgs/CMakeFiles/CMakeTmp'
Building C object CMakeFiles/cmTC_7ac4a.dir/CheckSymbolExists.c.o
/usr/bin/cc    -o CMakeFiles/cmTC_7ac4a.dir/CheckSymbolExists.c.o   -c /home/omid/catkin_ws/build/mavros_msgs/CMakeFiles/CMakeTmp/CheckSymbolExists.c
Linking C executable cmTC_7ac4a
/usr/bin/cmake -E cmake_link_script CMakeFiles/cmTC_7ac4a.dir/link.txt --verbose=1
/usr/bin/cc      -rdynamic CMakeFiles/cmTC_7ac4a.dir/CheckSymbolExists.c.o  -o cmTC_7ac4a 
CMakeFiles/cmTC_7ac4a.dir/CheckSymbolExists.c.o: In function `main':
CheckSymbolExists.c:(.text+0x1b): undefined reference to `pthread_create'
collect2: error: ld returned 1 exit status
CMakeFiles/cmTC_7ac4a.dir/build.make:97: recipe for target 'cmTC_7ac4a' failed
make[1]: *** [cmTC_7ac4a] Error 1
make[1]: Leaving directory '/home/omid/catkin_ws/build/mavros_msgs/CMakeFiles/CMakeTmp'
Makefile:126: recipe for target 'cmTC_7ac4a/fast' failed
make: *** [cmTC_7ac4a/fast] Error 2

File /home/omid/catkin_ws/build/mavros_msgs/CMakeFiles/CMakeTmp/CheckSymbolExists.c:
/* */
#include <pthread.h>

int main(int argc, char** argv)
{
  (void)argv;
#ifndef pthread_create
  return ((int*)(&pthread_create))[argc];
#else
  (void)argc;
  return 0;
#endif
}

Determining if the function pthread_create exists in the pthreads failed with the following output:
Change Dir: /home/omid/catkin_ws/build/mavros_msgs/CMakeFiles/CMakeTmp

Run Build Command:"/usr/bin/make" "cmTC_fe21b/fast"
/usr/bin/make -f CMakeFiles/cmTC_fe21b.dir/build.make CMakeFiles/cmTC_fe21b.dir/build
make[1]: Entering directory '/home/omid/catkin_ws/build/mavros_msgs/CMakeFiles/CMakeTmp'
Building C object CMakeFiles/cmTC_fe21b.dir/CheckFunctionExists.c.o
/usr/bin/cc   -DCHECK_FUNCTION_EXISTS=pthread_create   -o CMakeFiles/cmTC_fe21b.dir/CheckFunctionExists.c.o   -c /usr/share/cmake-3.10/Modules/CheckFunctionExists.c
Linking C executable cmTC_fe21b
/usr/bin/cmake -E cmake_link_script CMakeFiles/cmTC_fe21b.dir/link.txt --verbose=1
/usr/bin/cc  -DCHECK_FUNCTION_EXISTS=pthread_create    -rdynamic CMakeFiles/cmTC_fe21b.dir/CheckFunctionExists.c.o  -o cmTC_fe21b -lpthreads 
/usr/bin/ld: cannot find -lpthreads
collect2: error: ld returned 1 exit status
CMakeFiles/cmTC_fe21b.dir/build.make:97: recipe for target 'cmTC_fe21b' failed
make[1]: *** [cmTC_fe21b] Error 1
make[1]: Leaving directory '/home/omid/catkin_ws/build/mavros_msgs/CMakeFiles/CMakeTmp'
Makefile:126: recipe for target 'cmTC_fe21b/fast' failed
make: *** [cmTC_fe21b/fast] Error 2


