Not searching for unused variables given on the command line.
[36m--[0m PX4 version: v1.11.0-beta1-79-gc5eefc6b2e
[36m--[0m PX4 config file: /home/omid/catkin_ws/src/Firmware/boards/px4/sitl/default.cmake
[36m--[0m PX4 config: px4_sitl_default
[36m--[0m PX4 platform: posix
[36m--[0m PX4 lockstep: enabled
[36m--[0m cmake build type: RelWithDebInfo
[36m--[0m The CXX compiler identification is GNU 7.5.0
[36m--[0m The C compiler identification is GNU 7.5.0
[36m--[0m The ASM compiler identification is GNU
[36m--[0m Found assembler: /usr/bin/cc
[36m--[0m Check for working CXX compiler: /usr/bin/c++
[36m--[0m Check for working CXX compiler: /usr/bin/c++ -- works
[36m--[0m Detecting CXX compiler ABI info
[36m--[0m Detecting CXX compiler ABI info - done
[36m--[0m Detecting CXX compile features
[36m--[0m Detecting CXX compile features - done
[36m--[0m Check for working C compiler: /usr/bin/cc
[36m--[0m Check for working C compiler: /usr/bin/cc -- works
[36m--[0m Detecting C compiler ABI info
[36m--[0m Detecting C compiler ABI info - done
[36m--[0m Detecting C compile features
[36m--[0m Detecting C compile features - done
[36m--[0m Building for code coverage
[36m--[0m catkin ENABLED
[36m--[0m Using CATKIN_DEVEL_PREFIX: /home/omid/catkin_ws/devel/.private/px4
[36m--[0m Using CMAKE_PREFIX_PATH: /home/omid/catkin_ws/devel;/home/omid/UAV_ROS_PX4_Navigation/devel;/opt/ros/melodic
[36m--[0m This workspace overlays: /home/omid/catkin_ws/devel;/home/omid/UAV_ROS_PX4_Navigation/devel;/opt/ros/melodic
[36m--[0m Found PythonInterp: /usr/bin/python2 (found suitable version "2.7.17", minimum required is "2")
[36m--[0m Using PYTHON_EXECUTABLE: /usr/bin/python2
[36m--[0m Using Debian Python package layout
[36m--[0m Using empy: /usr/bin/empy
[36m--[0m Using CATKIN_ENABLE_TESTING: ON
[36m--[0m Call enable_testing()
[36m--[0m Using CATKIN_TEST_RESULTS_DIR: /home/omid/catkin_ws/build/px4/test_results
[36m--[0m Found gtest sources under '/usr/src/googletest': gtests will be built
[36m--[0m Found gmock sources under '/usr/src/googletest': gmock will be built
[36m--[0m Found PythonInterp: /usr/bin/python2 (found version "2.7.17")
[36m--[0m Looking for pthread.h
[36m--[0m Looking for pthread.h - found
[36m--[0m Looking for pthread_create
[36m--[0m Looking for pthread_create - not found
[36m--[0m Looking for pthread_create in pthreads
[36m--[0m Looking for pthread_create in pthreads - not found
[36m--[0m Looking for pthread_create in pthread
[36m--[0m Looking for pthread_create in pthread - found
[36m--[0m Found Threads: TRUE
[36m--[0m Using Python nosetests: /usr/bin/nosetests-2.7
[36m--[0m catkin 0.7.23
[36m--[0m BUILD_SHARED_LIBS is off
[36m--[0m build type is RelWithDebInfo
[36m--[0m PX4 ECL: Very lightweight Estimation & Control Library v1.9.0-rc1-255-g47624a0
[36m--[0m Configuring done
[36m--[0m Generating done
[36m--[0m Build files have been written to: /home/omid/catkin_ws/build/px4
