[35m[1mScanning dependencies of target lockstep_scheduler[0m
[  1%] [32mBuilding CXX object platforms/posix/src/px4/common/lockstep_scheduler/CMakeFiles/lockstep_scheduler.dir/src/lockstep_scheduler.cpp.o[0m
[  2%] [34m[1mGenerating uORB topic headers[0m
[35m[1mScanning dependencies of target drivers_board[0m
Failed to import packaging: No module named packaging

You may need to install it using:
    pip3 install --user packaging

msg/CMakeFiles/uorb_headers.dir/build.make:330: recipe for target 'uORB/topics/uORBTopics.hpp' failed
make[2]: *** [uORB/topics/uORBTopics.hpp] Error 1
CMakeFiles/Makefile2:721: recipe for target 'msg/CMakeFiles/uorb_headers.dir/all' failed
make[1]: *** [msg/CMakeFiles/uorb_headers.dir/all] Error 2
make[1]: *** Waiting for unfinished jobs....
[  2%] [32mBuilding CXX object boards/px4/sitl/src/CMakeFiles/drivers_board.dir/i2c.cpp.o[0m
[  3%] [32mBuilding C object boards/px4/sitl/src/CMakeFiles/drivers_board.dir/sitl_led.c.o[0m
[  3%] [32mBuilding C object boards/px4/sitl/src/CMakeFiles/drivers_board.dir/sitl_board_shutdown.c.o[0m
[  3%] [32mBuilding CXX object boards/px4/sitl/src/CMakeFiles/drivers_board.dir/spi.cpp.o[0m
[  3%] [32m[1mLinking CXX static library /home/omid/catkin_ws/devel/.private/px4/lib/libdrivers_board.a[0m
[  3%] Built target drivers_board
[  3%] [32m[1mLinking CXX static library /home/omid/catkin_ws/devel/.private/px4/lib/liblockstep_scheduler.a[0m
[  3%] Built target lockstep_scheduler
Makefile:162: recipe for target 'all' failed
make: *** [all] Error 2
