Determining if the pthread_create exist failed with the following output:
Change Dir: /home/omid/catkin_ws/build/px4/CMakeFiles/CMakeTmp

Run Build Command:"/usr/bin/make" "cmTC_ec64b/fast"
/usr/bin/make -f CMakeFiles/cmTC_ec64b.dir/build.make CMakeFiles/cmTC_ec64b.dir/build
make[1]: Entering directory '/home/omid/catkin_ws/build/px4/CMakeFiles/CMakeTmp'
Building C object CMakeFiles/cmTC_ec64b.dir/CheckSymbolExists.c.o
/usr/bin/cc -DcmTC_ec64b_EXPORTS  -fPIE   -o CMakeFiles/cmTC_ec64b.dir/CheckSymbolExists.c.o   -c /home/omid/catkin_ws/build/px4/CMakeFiles/CMakeTmp/CheckSymbolExists.c
Linking C executable cmTC_ec64b
/usr/bin/cmake -E cmake_link_script CMakeFiles/cmTC_ec64b.dir/link.txt --verbose=1
/usr/bin/cc      -Wl,--export-dynamic -rdynamic CMakeFiles/cmTC_ec64b.dir/CheckSymbolExists.c.o  -o cmTC_ec64b 
CMakeFiles/cmTC_ec64b.dir/CheckSymbolExists.c.o: In function `main':
CheckSymbolExists.c:(.text+0x1b): undefined reference to `pthread_create'
collect2: error: ld returned 1 exit status
CMakeFiles/cmTC_ec64b.dir/build.make:97: recipe for target 'cmTC_ec64b' failed
make[1]: *** [cmTC_ec64b] Error 1
make[1]: Leaving directory '/home/omid/catkin_ws/build/px4/CMakeFiles/CMakeTmp'
Makefile:126: recipe for target 'cmTC_ec64b/fast' failed
make: *** [cmTC_ec64b/fast] Error 2

File /home/omid/catkin_ws/build/px4/CMakeFiles/CMakeTmp/CheckSymbolExists.c:
/* */
#include <pthread.h>

int main(int argc, char** argv)
{
  (void)argv;
#ifndef pthread_create
  return ((int*)(&pthread_create))[argc];
#else
  (void)argc;
  return 0;
#endif
}

Determining if the function pthread_create exists in the pthreads failed with the following output:
Change Dir: /home/omid/catkin_ws/build/px4/CMakeFiles/CMakeTmp

Run Build Command:"/usr/bin/make" "cmTC_d10c3/fast"
/usr/bin/make -f CMakeFiles/cmTC_d10c3.dir/build.make CMakeFiles/cmTC_d10c3.dir/build
make[1]: Entering directory '/home/omid/catkin_ws/build/px4/CMakeFiles/CMakeTmp'
Building C object CMakeFiles/cmTC_d10c3.dir/CheckFunctionExists.c.o
/usr/bin/cc -DcmTC_d10c3_EXPORTS  -DCHECK_FUNCTION_EXISTS=pthread_create -fPIE   -o CMakeFiles/cmTC_d10c3.dir/CheckFunctionExists.c.o   -c /usr/share/cmake-3.10/Modules/CheckFunctionExists.c
Linking C executable cmTC_d10c3
/usr/bin/cmake -E cmake_link_script CMakeFiles/cmTC_d10c3.dir/link.txt --verbose=1
/usr/bin/cc  -DCHECK_FUNCTION_EXISTS=pthread_create    -Wl,--export-dynamic -rdynamic CMakeFiles/cmTC_d10c3.dir/CheckFunctionExists.c.o  -o cmTC_d10c3 -lpthreads 
/usr/bin/ld: cannot find -lpthreads
collect2: error: ld returned 1 exit status
CMakeFiles/cmTC_d10c3.dir/build.make:97: recipe for target 'cmTC_d10c3' failed
make[1]: *** [cmTC_d10c3] Error 1
make[1]: Leaving directory '/home/omid/catkin_ws/build/px4/CMakeFiles/CMakeTmp'
Makefile:126: recipe for target 'cmTC_d10c3/fast' failed
make: *** [cmTC_d10c3/fast] Error 2


